18f51046-ce07-11ec-8970-5e235cb0aaf1
e74fa4e0-3d8a-11ed-9be2-7a4d1b50eb70
f69a5bfa-f45c-11ed-a219-e24846a47d7c
c6aabcaa-ebc0-11ec-9a78-8a9b640e2745
1c593d68-3d8b-11ed-bf55-167ac0c2ee28
4eaf5570-f45d-11ed-bb3b-fac1491bd8ed
8077f2ba-f552-11ed-b9e4-de94e2d9ca24
cf4e2504-8102-11ed-a17a-66c490cc5739
fa07d7f4-8102-11ed-b44c-4229750f9d0c
c5053354-3ae3-11ed-9be2-7a4d1b50eb70
1d8f1af4-7788-11ed-b81b-7a381d3518a1
8f51afe4-33fe-11ed-80c4-0687bc0e9967
cd2f004c-0026-11ee-af70-4aae3864723e
1c3c2d46-0053-11ee-af70-4aae3864723e
50b945ba-8836-11ea-a35a-82fc29d74e44
2f9d63e2-b90b-11ea-a89f-0242ac110002
4c27fa7e-0b40-11ee-9618-9a03f1fe8d6b
bf0e7364-7d5a-11ea-ab67-a6514d0cac9c
7616319a-32e6-11ec-8cae-e6692ce99d89
88972a30-f1dc-11ec-8d4b-9a6a4249c252
62344e6e-f3ce-11ed-84e2-4afb93dc55b6
bc6da15e-f947-11ed-aebe-e6baa6c2e420
e7a629e4-0073-11ee-897b-6a6fa8c8be77
ac66640e-01d4-11ee-8007-6e3048f796e3
13fe81ce-b06c-11ed-8444-26d1d8d270c8
2687d8b4-17e0-11e9-8657-0242ac110002
beb91e50-6761-11ea-8fe2-0242ac110002
de51649a-8465-11ea-8f3b-b68ed5f634ca
61d8bdb6-c8ea-11ec-b112-6ec4a984a445
8a727b4c-3540-11ec-ab9c-ea82af98404f
517bb94e-3d8b-11ed-8622-62779b56db9a
9ba9be50-0052-11ee-897b-6a6fa8c8be77
afc5c4b4-a486-11e9-97d6-0242ac110002
ebe5c2da-cfe5-11ed-8e89-fe9c878cd25e
2d6002aa-e1f7-11ea-be4d-0242ac110002
bea25a30-a7f7-11eb-b750-7ab07ed53196
987b6388-dfc3-11ec-a309-722ca6d427c5
b11e6f26-fdc1-11ed-8988-16d02927cb1c
222680e2-3540-11ec-a626-02e12117a9dc
fff18fec-99ca-11ea-8a34-16166ca76a90
1a0c2692-f786-11ec-8599-2a0863c725c8
3d2b7732-f84c-11ed-ac39-a240a1d6edfe
38130b6a-ddb8-11ed-827c-7a736ff4bdeb
6c6d7e6a-2375-11e9-9cc0-0242ac110002
4c23cfc4-fb18-11eb-a8b6-d23e639fa4e6
c023aa0a-3fc5-11ed-bdf5-8ae2e7dbd103
0224a394-e31a-11ed-8568-f6b0acfdd5a0
d6b9dc46-fb18-11eb-8dc7-86b746fc2f0f
a80d08d0-c87e-11ec-99c8-5e1b35c7b1eb
c0615ffa-4095-11ed-88df-4669407ff986
db0f43a2-8c83-11eb-a562-2602d9aca536
63f40dc8-0073-11ee-a4aa-e27800858960
da319236-0149-11ee-90c6-d658cd72c3c1
4cf56316-0464-11ee-b7de-fe2dad5de2ca
f818620c-fb78-11ec-8cfb-aa0daa7e5ac5
2bb69880-1190-11e9-9a97-0242ac110002
036f9c88-9f9d-11ed-99a5-7e2262036745
6b4fc3d0-a1d9-11ed-b4a6-f6590461557e
f86003be-b498-11eb-b3fd-e2d9e3c2a460
3c01b8aa-e603-11ec-a187-da88d0c40a28
f2d743c8-3268-11ec-ac01-b624c2b89a47
e9f775e0-e602-11ec-a187-da88d0c40a28
31047116-0463-11ee-90c6-d658cd72c3c1
710c7e02-8cbd-11ed-9866-060842290413
afa87714-a3ac-11ed-a00f-e6bc8c4ebe17
a67801da-e608-11ec-9e02-d6eba4c8ee30
08c82f40-e609-11ec-b73c-1a0267b97f87
5a9aa7b4-bffd-11ea-8115-0242ac110002
41bb4348-e006-11e9-af4c-0242ac110002
efbc92d2-9e94-11eb-9cce-463b09b9d0cf
9fae7f5e-f8de-11eb-bdd6-7e39ccda27b2
b626a4f6-a484-11e9-97d6-0242ac110002
402dfa9a-fb99-11ed-b522-dad3bf6c4eb1
804b5914-936a-11ea-8517-0242ac110002
8cdcd87a-22b8-11e9-9952-0242ac110002
cd931e40-e49e-11ed-bf4f-a6bf72efc3e2
427d0108-6591-11e9-bb07-0242ac110002
06647690-6b2d-11ea-ba68-0242ac110002
22670088-fb9d-11e9-8f90-0242ac110002
9c620bc8-8fb9-11ec-a328-aadb8f36ebf2
d68f7c32-bbbe-11ec-a970-5ae9d60c511b
6bd0ab3c-a3fa-11eb-8ea9-1a0f201a18dc
d5093bb8-d350-11e9-b100-0242ac110002
1117e8a6-c855-11ec-8345-c6f84f489dc5
2ebf1820-a2f0-11ea-b13a-0242ac110002
a4b680d4-9566-11ed-bee5-167ad6a71ab9
93ef4734-fe90-11ed-8810-7233e85c8f9f
b226fb1c-957b-11ed-99a5-7e2262036745
2d1733dc-dcea-11ec-94f5-8e6add94d4e1
97a47034-5cab-11ed-ac81-5abe414e1a60
a71b119c-172d-11ea-a9ba-0242ac110002
b6d34292-d10e-11ec-8745-56e71ee54588
3d3c0310-23c7-11eb-80d1-0242ac110002
e15d9e5e-1f35-11eb-8724-0242ac110002
55c5fdfa-1cb6-11ea-9c39-0242ac110002
adbdc574-4c25-11ec-a152-8eda03e660e9
8a67d02a-fb79-11ec-a4f8-0a6807bdebf2
2a907faa-fb99-11ed-b2f6-16badab98958
70c50c58-0973-11ec-b6d7-7e710254e7b9
431532bc-d254-11ea-9871-eec4b6639f54
fc9a795e-f312-11ed-8dd4-b68111c315ad
5db849ce-9fad-11ec-a97b-2681d6fc0182
f0be17b8-65cb-11e9-8b42-0242ac110002
6d54affc-fc16-11eb-95f3-06d6775bf4b1
fc1b1042-484a-11ed-92ce-863b29760aac
6786f3ac-441d-11eb-a727-1684ec5c007d
c40999b6-5688-11ed-847d-9ea29165e650
3d83944a-c810-11ea-acf6-fe1745746142
77d23506-92ee-11ed-a83a-7adb1e7ae3bd
3ebbd0c8-de80-11ed-827c-7a736ff4bdeb
a978141e-0973-11ec-b86b-b6ad88170f21
32e70d80-6639-11e9-998b-0242ac110002
c91c1bec-c87e-11ec-b407-6ae1063a3dfe
8bffaea0-0ffd-11ee-a64c-6a63754663c9
d6cd1914-a90d-11e9-aec6-0242ac110002
629401ac-fba7-11ed-b7de-fe2dad5de2ca
2520a5b6-ea3e-11ed-89e1-a2a9a35533a5
50810f5e-3a2a-11ec-8e29-ba6016034d9c
f053fa04-714d-11ed-a9f4-d2072d47e6e4
fd49a8f6-08d5-11e9-8674-0242ac110002
ddd87d46-1efa-11ed-aa22-52344ec8b513
3dc35010-45ee-11eb-9971-0242ac110002
4169c3da-6634-11ed-a36f-d2e073058215
cd508830-9d78-11e9-9555-0242ac110002
2fc28a8c-db53-11e9-904e-0242ac110002
71787bce-8160-11ed-8b48-1aa04e16007a
79c4e872-297d-11eb-878f-16a7c444bba7
4e117584-0653-11ec-9ca9-0a0d265d6421
7d02d1ce-0ffe-11ee-96c7-a69e0bba9baf
18bef8c8-6d4d-11ec-84e7-2a91651dd208
fe31857a-56c9-11e5-9c5b-0050569b1b91
f3be97b2-b8e3-11ec-8b5a-b27239a2b881
f2514674-e547-11eb-98bf-96b89c7bcec0
d109fa5c-cff1-11e7-8301-0242ac110002
f0ad47e0-50b0-11eb-a055-820c89a10fe3
8ab32ca6-a296-11eb-99d3-bea0db11cd15
627a301a-3f4d-11eb-9ba4-0242ac110002
30aa2a22-0653-11ec-9ca9-0a0d265d6421
1be060b8-4df9-11ed-8c83-a2fac1c05eb5
67f3f650-4b65-11ec-964b-dab0cc25944f
7fe25b7c-b0c7-11ec-89fa-9698f08c9abc
cf33e4e8-45e7-11ec-b18b-865d3bb17674
90659d72-937d-11e7-957a-0242ac110002
c8118c9e-66d4-11eb-b7f4-6aeaf148886b
0835bdf6-d50d-11ed-99a1-6e69bd70e22f
def51544-47c8-11ed-8191-768e71b214e4
b1fc5fec-0652-11ec-99c3-4240b49eb020
ea05b11c-1ffe-11eb-a8a1-9e8c70d0b97c
8d5f0620-5fcb-11e8-8335-0242ac110002
be5924ce-cfe5-11ed-8dcf-e65ef2b9c70e
869bf2aa-dda6-11ec-9820-f2f5408a32c7
1bc009e2-b35e-11ed-9d31-9a45eb40554d
b5341bf0-84a5-11e8-bc6e-0242ac110002
f3980c66-d50a-11ed-ab1e-628b23244178
16690276-420a-11ec-bd38-9e6560e0aaae
1f9bc4b4-9a81-11ea-ac72-0242ac110002
4b34df32-d50e-11ed-ab1e-628b23244178
98e60cde-da94-11ed-a44e-f231ff4a4619
eaef9dd6-df2d-11ed-8cf6-bafdaf35110e
22731d86-eaf7-11ec-84a7-c645ac6efaf0
af8a4240-558d-11eb-a145-7e8814e175f2
c9391e8e-0220-11eb-917d-0242ac110002
0c6327b0-e570-11ed-89e1-a2a9a35533a5
2d233cba-d50d-11ed-952b-0ead82b177d6
19c01e1a-8a3d-11e8-bcb8-0242ac110002
f2f823c4-62ab-11ea-829c-fe447fad327f
3da89a68-7d97-11ec-9c90-ea7d0cb97347
ecf0caf6-018b-11eb-830c-0242ac110002
8de3e646-fec8-11ed-b59f-6645250f7e2f
4ef1ac50-da94-11ed-a66b-46031ca657c1
88fc8d52-feb1-11ed-b7de-fe2dad5de2ca
8a6db424-92ee-11ed-aded-b635a9fce096
26b85048-e28c-11ea-a8bf-0242ac110002
d5347a5e-5ccc-11ed-a973-aee86f6e3f2f
bed5447c-4dfa-11ed-9882-4e2c8286e58f
97021c12-e84e-11eb-83a7-7e526688e921
12958824-f4ee-11e9-8bb8-0242ac110002
5b858bec-24d1-11eb-8b99-0242ac110002
caf93b2c-61b0-11ed-9dde-46702ee7b37e
3946d3c0-fc16-11eb-ab2f-e6e47d9f3262
ab344baa-bfa4-11ec-bfd3-7e7d2d60a902
ea86750e-832a-11e8-a00a-0242ac110002
8ee4a22c-f5ec-11ed-bd79-8219b1801b1f
dc3d6b42-d1e5-11ed-8868-1e0200e1da37
db8041b8-aee0-11eb-a83e-b2fa65006c58
1059215e-ef4e-11eb-af26-4a4da524a1e3
e66b2cae-3f74-11eb-9ba4-0242ac110002
20d00f72-1f36-11eb-851e-0242ac110002
a61bee48-4a00-11ed-bbef-f6174174f358
bd5ea29c-08f3-11ed-bb37-0686416ea9d0
0854880a-c289-11eb-a16f-528377a9bf9a
747a780e-aed6-11ea-bc3e-0242ac110002
0ec49c70-aa1b-11ea-a6b7-0242ac110002
70710b0a-c239-11ed-8292-caa8e7dcd5d2
3f172bb8-82a3-11e9-9425-0242ac110002
8b549ff4-7002-11ea-9f24-7a1ae9c5896b
cf0cd684-140b-11ee-a0eb-de246b3586fa
90317f4a-5004-11ec-b038-b6fa85cb65b2
c18e8896-fc15-11eb-834a-963f594f9341
43e0bffa-a3e6-11ea-a18a-0242ac110002
5fb02932-8f9e-11ec-85a8-caabd5ecbbdc
45c525a8-7a56-11eb-a87c-f2e455f7bff7
c5b4fa0a-9ef0-11ea-a28e-0242ac110002
d3f9898e-eb17-11ed-b796-76fc3df52df9
70327710-421e-11ec-a3ee-46d2623fca4b
e08ccf74-df2a-11ed-82e2-e2773052d764
4a6bb28c-fd9c-11ec-856a-e2053235fe57
cf4549c8-d7e1-11eb-a658-66b604e0fc30
5c34d144-223c-11ea-a9ba-0242ac110002
f8f96f38-9b69-11eb-bc02-3ab2a0a5f27c
c780f801-62f1-4c58-8c5b-4623125892ea
7e98af0a-4d1a-11e9-a73c-0242ac110002
f0d0828e-a293-11eb-b974-fea8d237a933
fbf27cd8-6923-11ec-a6a9-b240c10b0009
63a1f13e-fdd4-11ec-856a-e2053235fe57
96a916b8-a6fd-11eb-b750-7ab07ed53196
860e1d5e-6d4e-11ec-b23c-5225688aa47a
78cfe692-0f1c-11ee-9a3f-5ec01198ffb1
a6487296-6773-11ea-aa66-0242ac110002
37861df0-9e4f-11ea-bef3-0242ac110002
d5489bf8-c4b2-11ed-9c6d-c6d8d5ea44ee
6357a2f0-92ee-11ed-aded-b635a9fce096
dab4abec-8054-11ed-a00f-e6bc8c4ebe17
24f7fe88-d8f8-11e8-addc-0242ac110002
c893b286-181e-11ec-8e12-16cc13125ce8
67443de6-d674-11e8-aa43-0242ac110002
15aed9fa-1030-11ee-a64c-6a63754663c9
1f611cb0-802f-11e8-9b14-0242ac110088
578d8576-5483-11eb-95bc-62d6253d1361
43c1a114-ec2f-11eb-af26-4a4da524a1e3
37bb9a56-7099-11ed-810b-32ebbdea35b1
05eda966-629a-11ea-aad8-0242ac110002
1e9b1f42-6ed7-11e8-8f78-0242ac110002
c07996fe-efd3-11ed-89e1-a2a9a35533a5
32485cc0-efd4-11ed-8dd4-b68111c315ad
e4b1e9c2-efce-11ed-afe7-0ede2ab4a186
4dcae884-7574-11e9-ab87-0242ac110002
b471d440-8fbb-11eb-99f8-5a11cc4b85ab
aa9ed86e-3489-11e7-9bd7-0242ac110002
a5ab202c-8474-11ea-a6b8-0242ac110002
521424ac-5ca6-11ec-8eb3-3ecabde88d28
d605a4c0-4900-11ec-8475-225f335e9f97
fdf4342a-b463-11ea-bdf9-0242ac110002
37633a14-da93-11ed-91aa-0aa2801fde7c
1df007d6-8daa-11e9-bd8d-0242ac110002
22adcac8-4ef4-11e9-a9ea-0242ac110002
8bf25c90-d75a-11ed-9fc3-223f0c0fc774
f49901a0-0f09-11ed-aa52-16c96df58b5b
214065f2-5ccd-11ed-a973-aee86f6e3f2f
35f92348-a0a5-11eb-88d7-3abd46b3c55c
7180d0b2-8474-11ea-a69d-0242ac110002
2d2378ae-3092-11ec-9ee9-aae3289ad759
464157ac-209b-11ee-95c0-be592a314df8
65d3b8cc-a89c-11eb-bf03-f63f7e4eb1c1
4a687088-ef8a-11e7-820e-0242ac110002
7e00966a-3e0d-11ed-bf55-167ac0c2ee28
46e8b742-420b-11ec-8a31-721b06e4bfff
8202ebc6-d685-11e8-aa43-0242ac110002
974562da-4573-11ea-bfc9-0242ac110002
a30afd86-5096-11ea-ab95-ae93fbf16547
5eae0486-3883-11ec-b6c7-b6a20660e5f2
b9339726-65aa-11e9-930b-0242ac110002
6f1bbc68-91ca-11ed-bfc2-3aa4ab7f1f0e
55dbf91e-1336-11ee-a64c-6a63754663c9
a52bfc00-3884-11ec-be98-d214b8dac8db
ed10655e-ce30-11ed-8a1b-ae483e53749c
1b3dcd60-a244-11eb-bff3-460925796d79
fb7a3826-570e-11ec-a210-1666fa39e118
f28887a2-d685-11e8-a2b0-0242ac110002
00b96e3c-037b-11ee-b7de-fe2dad5de2ca
18d12120-7df2-11ea-840b-f60cf64db9de
0a3ad988-c750-11ea-94c8-de4a505c3c76
6d93eb1a-1384-11e7-9b2f-0242ac110002
71c4c5ba-02a8-11ed-80e3-fa28b1dd2770
267a2e00-bd9d-11ed-b7a3-529e0d829516
d6c64c68-044a-11ea-9105-0242ac110002
07ce0d50-3d6e-11ed-9be2-7a4d1b50eb70
3574b2fc-5b2f-11ed-9418-9abe3e54287b
7ac48f08-c0c7-11ea-b707-0242ac110002
2b4530d6-26b7-11ea-9423-0242ac110002
602998f6-5a7a-11ed-8cad-2690089e7430
309bf7fc-b627-11ec-9c88-ae03c5ffa039
39fb2cba-6297-11ed-9273-9a0c2f8c1e96
87ecdf54-209f-11eb-b6ef-5a63d807662f
121edc18-d1d8-11e8-9d69-0242ac110002
2d39e8ea-e29c-11ea-a3f9-0242ac110002
9cab6dc6-181e-11ec-9112-9673a615762c
525eba0c-333e-11ed-bcbf-4a24665cf556
aef0211e-f896-11ea-9bd7-6ae15a68dbb7
3d46fd9a-7a54-11eb-a38f-da9cc3b792d7
b34c6384-0971-11ec-9fe6-b2b9c6307213
b757bfe0-9e7d-11e7-a798-0242ac110002
f5045586-45bf-11ec-8a31-721b06e4bfff
3a69ea76-5fed-11ed-a3c2-5255609ef95c
2e968d4c-69ac-11ea-bd5f-0242ac110002
7fde0568-0979-11ec-99c3-4240b49eb020
3926c9de-b5ad-11e8-8733-0242ac110002
7db4ac36-a418-11eb-b750-7ab07ed53196
38220480-1f78-11ec-9d92-a2efad6cfff6
83a3c3c4-a1e7-11ed-9ceb-ea0ed99f2599
4ddb3026-aed6-11ea-941e-0242ac110002
5880b1a0-9ea3-11eb-b808-9602cbfa07f9
b8792ee4-0c53-11e6-b647-0050569b1b91
c8b02670-aa6a-11e8-b6c5-0242ac110002
4f6f582c-1f78-11ec-a304-12e02b1d6350
eb503af6-181e-11ec-9112-9673a615762c
e376466a-1625-11ea-a2f3-0242ac110002
9c7d3d40-74f6-11ec-85ad-f684344b6e1c
a3e078ac-096e-11ec-b86b-b6ad88170f21
49254748-0979-11ec-b86b-b6ad88170f21
4f7ca692-3354-11ea-a014-0242ac110002
970d399c-0b66-11ea-95ca-0242ac110002
6b1a5144-6a04-11e8-8f78-0242ac110002
da20ffac-ca74-11ea-9474-0242ac110002
c6bcc3a0-e69f-11ea-879c-aaabacf039f0
bb22d404-e34e-11ed-b8f1-82298d07fdcc
6b7bb692-6ed7-11ec-b2af-0e89447b8ee2
0c637b48-106a-11ec-b95a-4ef1a5776a66
07ed914a-fdc9-11ed-8007-6e3048f796e3
ad309492-37b7-11ec-9452-ca37523ce2f0
d6d3facc-035f-11ed-9265-26e61a565f1d
1456ec3a-dd92-11ed-bc9d-0e2a2b88fd28
d4cc2666-492b-11ed-95c8-7ec2ef1838a4
7186ef0a-4573-11ea-85aa-0242ac110002
839ed132-ae3d-11ec-ab73-aa345f50f345
b82582f6-14b7-11ea-8878-0242ac110002
0ce33d50-900b-11ea-8948-0242ac110002
71c71488-dcbe-11ec-bdd3-067ee3cce5cd
1ee4731c-f750-11ec-aa18-463b765659ac
7f6e2c64-0c15-11e6-8fad-0050569b1b91
77d8dc9c-106a-11ec-9450-e2cb0b669b1c
cd3936ba-884e-11e9-907a-0242ac110002
75853f4e-d201-11ed-8868-1e0200e1da37
a832eac8-3f9d-11ed-8344-ea4bc7b89a95
904e8de4-0de6-11eb-9785-0242ac110002
df7bd7bc-f6f1-11e9-90ac-0242ac110002
0a5f399c-b5ad-11e8-8733-0242ac110002
a3c5c76c-00e5-11ee-8988-16d02927cb1c
4c219f5e-ca2b-11ed-91aa-0aa2801fde7c
12eb5f32-60c1-11ed-9006-ea4c3d2431be
3e14dae2-106a-11ec-a927-42eb08fb76b5
644ed8f6-146c-11ec-a5f1-42330aefd4e3
856e3d78-82ac-11e9-b784-0242ac110002
e6666ea4-1079-11ec-9450-e2cb0b669b1c
14e7468e-d614-11ed-86e4-5ee82139e2f3
49f20a88-28a8-11e6-b19b-0050569b1b91
d2917a72-106a-11ec-b95a-4ef1a5776a66
a41443e6-106a-11ec-b86b-b6ad88170f21
8a7de372-6e04-11ec-9a01-de053c1b35a3
0b6ccc12-24d4-11eb-82cc-0242ac110002
3cce0ae6-2650-11e6-a9e5-0050569b1b91
8c7d3bc2-d963-11eb-a77a-3eb98755b2a4
142aeb92-c109-11ea-892f-0242ac110002
1821db90-d57e-11eb-8362-a2a3ffcae8a6
156ed51e-dbc4-11e6-a4a5-0242ac110002
e219b09a-bb04-11e8-b46f-0242ac110002
7b47a220-d3bf-11e5-a208-0050569b1b91
76e9ef18-6b2c-11ea-a719-0242ac110002
a160f9f8-40e2-11eb-8814-0242ac110002
fe7a12ea-a6da-11ed-90b4-6612aafd513c
4f53d3c2-45c0-11ec-8cca-f61f6759ac3c
72d4236c-c6c8-11ed-b04c-2e042cdad5ac
52f6fcca-b627-11ec-9b45-56b99978e07b
8c8e9462-f84c-11ed-bd79-8219b1801b1f
d9acd86e-47d6-11ea-b8ef-76841b4c32e9
a78ee5aa-8285-11e9-99c4-0242ac110002
19496640-c57d-11e9-a13c-0242ac110002
50cac14c-2e39-11eb-8793-0242ac110002
a4d78fe4-6ddc-11e6-92ad-0242ac100602
e93c81e6-cfbf-11ea-8854-0242ac110002
365563e8-0580-11ec-8c2c-8e92a08762ec
045e0c4a-c3b2-11ed-a913-5699da8c1463
065cf186-2840-11ed-91ee-ea4cc8b6801c
df43ab4e-d57f-11eb-81f5-0a451bcb0c0c
c25bd6ca-e49e-11ed-bf4f-a6bf72efc3e2
c007161c-8c82-11eb-8de8-1a75b848fff6
c04f4260-caac-11e8-9d82-0242ac110002
a1502000-b492-11eb-b3a4-0242ac110002
9b41a960-1bb8-11e9-8d15-0242ac110002
30f8579c-20d6-11ea-9eba-0242ac110002
04b2506e-a3fe-11eb-b808-9602cbfa07f9
1f6c1672-0e49-11ed-b576-ce2e6f88b394
73edb9fa-841c-11ed-bff7-ae1667b909ce
73cfca3c-0115-11ee-b7de-fe2dad5de2ca
84cc9106-ab8e-11ea-9c47-0242ac110002
02792508-f286-11e6-8395-0242ac110002
81b5c8f0-e414-11ec-b875-2231375e0b8b
f78e6368-b5c7-11e8-887e-0242ac110002
ae6919ce-9170-11e8-9ff2-0242ac1100c0
a644f3f2-5819-11ed-ba6f-ee2aa9fca8c5
5e20ac7c-6a04-11e8-ae5e-0242ac110002
b52ed1c2-bc8c-11ec-8a2a-b6c191d7a8c5
887844b2-a5f0-11ed-a179-4e784920a715
a4f49914-0992-11ee-a390-ba95b30882b8
c139ebac-5ca8-11ed-b1f6-86cbdfd9e870
d4983d88-d703-11eb-bfe1-1a403648e7b3
7ab77d1e-9906-11eb-9309-fef0d1d18793
5efe1ea2-1fcc-11ea-8634-0242ac110002
fdbf55cc-5428-11ed-8c83-a2fac1c05eb5
a4818624-b04c-11ea-b648-0242ac110002
91f70e44-fe8b-11ed-8007-6e3048f796e3
ecf5e6e0-0486-11ec-99c3-4240b49eb020
5ebb9fb0-edcf-11ea-8628-0242ac110002
205e61f2-43f8-11ea-a81a-0242ac110002
2a44861c-37bf-11ec-b0ec-3e24e6186d68
108862f4-d3ea-11eb-921c-6683e093f66e
2ff84884-f865-11ec-a261-a2f2243cdeb4
5865152e-5a79-11ed-aee4-a2e9e89e1f45
71481812-9d13-11e7-a5a9-0242ac110002
37bc061e-9377-11ea-ae71-0242ac110002
4fd8ee18-7188-11e9-822e-0242ac110002
577f9478-b88e-11e7-a632-0242ac110002
0c4f3a92-3eb6-11eb-9ba4-0242ac110002
100be11c-0e44-11ed-a073-7e8210dd1cac
8be23972-3b38-11e9-8931-0242ac110002
97000e2a-4e81-11eb-8a98-5a9ed041b513
c2fa6b86-ab8b-11ea-9e73-0242ac110002
4b61b17c-35e4-11eb-a38c-0242ac110002
722db7a6-3330-11e8-8b54-0242ac110002
87de44d0-3e90-11e6-aa3a-0050569b1b91
f3e01116-da94-11ed-a66b-46031ca657c1
f4ce0a50-ed6e-11ed-84e2-4afb93dc55b6
017463b4-e25a-11e8-9eee-0242ac110002
66e67ad2-b72d-11ed-b7ed-c2e5bc6a6b9d
1c79a138-7a33-11eb-97cf-eaa94a9340c5
041d5634-fe67-11ec-b084-a22316749329
9292efd6-2c7d-11e6-9982-0050569b1b91
709b2d74-6e05-11ec-9a01-de053c1b35a3
14c0d4ec-5a7a-11ed-9b93-42379dce38d0
003fd156-e258-11e8-baa8-0242ac110002
4be075a8-5952-11ea-bfa2-0242ac110002
a2c80268-2060-11ee-9507-76674dc05f9f
0fba6126-ec2f-11eb-87e7-5ab203c12a19
309eb708-0a9e-11ea-9a62-0242ac110002
3410fcec-2e39-11eb-ab58-0242ac110002
534779e6-0e44-11ed-9c13-ce747a140982
03fc764a-4dc5-11e9-a5a9-0242ac110002
6c12e3ea-00e5-11ee-af70-4aae3864723e
c23f3706-67f9-11ea-86ce-0242ac110002
ddfa0202-05c3-11ea-a2f3-0242ac110002
8d894aaa-5b84-11ea-b87c-0242ac110002
6457dee4-80d9-11ed-a4df-a2e95ee32ffd
9a6247f0-dcbe-11ec-ab59-4a2415a01c4b
69790f9e-5c19-11e9-a618-0242ac110002
0a737ede-1730-11eb-a2f0-56bc7cc20f3e
22a4d6d4-ed51-11ed-a219-e24846a47d7c
79670672-f08e-11e9-8bb8-0242ac110002
6f3f3ef2-1bba-11e9-a1f8-0242ac110002
d675d8d2-5415-11ed-9dc3-46d9ea013562
47b16122-6fd2-11ea-86c2-0242ac110002
fb72f4f4-4661-11ea-b8b6-0242ac110002
28ea1f3c-4975-11ea-bfc9-0242ac110002
9586f42e-6923-11ec-b23c-5225688aa47a
571f2bd0-8246-11eb-991c-3a855a2ea340
25a1bb5e-8055-11ed-bb00-3a86cc0cea15
1b928f0a-be38-11ed-821f-f65be369b593
ad8601f8-3ece-11eb-8814-0242ac110002
7b0e593a-b3d7-11e7-9c3c-0242ac110002
6f8595de-1378-11eb-8f45-0242ac110002
65d79548-ef48-11ec-9693-26feceaa5e71
b4fb5fb0-28ce-11ec-a3cc-7a7ac6ce503a
6398bce2-4945-11ed-80ee-6255f1ac5fa4
d3553418-fe66-11ec-8fd2-366dcaf1b57a
e575b6ca-3d16-11ec-ad5f-aa9751aacb94
8ffc9b14-9527-11ec-903c-e22a7879871b
71f4b422-2f46-11e7-8860-0242ac110002
fa09cbba-ae6f-11e7-b528-0242ac110002
ab35a708-24d1-11eb-a010-0242ac110002
0a889618-dcb7-11ec-8818-4e297d7cbb7c
8e4d8a8c-efce-11ed-a259-e27447ecd7b6
b1ffec5c-9f7c-11ec-a328-aadb8f36ebf2
c506b926-79ab-11ec-9d08-fa6a1f449057
31a8d916-bc46-11eb-b8df-0242ac110002
86dd6b5a-f48d-11ed-b796-76fc3df52df9
db1907e2-cdb1-11eb-90a7-7ec2bde7841d
e5254fac-1861-11ec-92c6-4aa9b5806a6a
142bfcb4-44e7-11eb-9971-0242ac110002
c80846c0-599a-11ec-bdd3-2e8cb5685b8f
648267fa-d4cc-11eb-aa3f-a26222ad8a35
d53f697c-3217-11ec-be89-32f298f4feb1
49f8b69a-e2cf-11ea-a1a0-82a8b7a9a1dd
10f5147c-a426-11e8-a394-0242ac1100fb
b3bca154-1c6f-11e9-9f85-0242ac110002
221de884-0d9d-11ed-b153-3295b654f4a1
b4719f1c-66d4-11eb-9a0e-c293b898633c
9f2ada48-87fc-11ec-9fd8-6a2335db3e40
742f072e-feb1-11ed-a4aa-e27800858960
14f51372-cd3c-11ec-8149-66123e3d7735
c95bc036-64bd-11ed-82d2-ea781372c189
b4da54c8-7a1a-11ea-9cce-0242ac110002
a366f330-d4b5-11eb-9c4e-a2d0a8b264ad
0e933b64-c7ff-11eb-886f-6e6644234031
278b63f8-ccb5-11ea-9797-4ebc7d06c19b
be20509e-ab39-11ec-a4d1-d63346d8bd68
5f9fba62-536a-11ed-9ed3-6a9fc8ead8dc
f835f936-146d-11ec-92c6-4aa9b5806a6a
488ba8f4-0644-11ed-ad4d-46943baa65d8
b0c1e08a-220c-11ed-a52b-0a2e79ed24c2
1485d36e-306b-11e6-8ecd-0050569b1b91
09993b1a-00e5-11ee-a4aa-e27800858960
4fcefafa-76ee-11e9-811d-0242ac110002
a68567f0-b34c-11ed-b204-ea4ed1beb2ef
6202b03a-7777-11ed-81c9-520131b38351
4411a1f2-6ed7-11ec-b2af-0e89447b8ee2
80a5c36e-aef6-11ec-b776-7ac04f7da281
095c8b62-509e-11e9-a9ea-0242ac110002
41ea8782-9f22-11ed-9ceb-ea0ed99f2599
8222b190-61a0-11ed-b84c-461b7d6a61d2
3501c516-9be4-11e9-8812-0242ac110002
5d20b33e-475b-11e7-afad-0242ac110002
2610d4ec-aed6-11ea-bf75-0242ac110002
d5ecbc6e-72b1-11e7-bab8-0242ac110002
5d2545ee-4dbd-11ec-9fa7-b6e127184f5c
75b4ee84-987c-11ec-b6b5-eed6f069f451
19ee69ac-ed87-11e8-ac90-0242ac110002
059b4dd4-6384-11ea-a7ce-0242ac110002
b7639fda-6b2c-11ea-8477-0242ac110002
63b08724-a132-11ed-993b-02b309726a99
764cae70-e849-11ea-858e-ea79bf58202a
710666f2-803d-11ed-b0c2-8eae3fce7e41
c9b3f5b0-f978-11ea-b127-0242ac110002
6fc17f84-6dd8-11ec-a6a9-b240c10b0009
14b692ac-91ef-11eb-a3a5-5650210ee312
4835d09c-4196-11e6-bf47-0050569b1b91
261e230e-b347-11ed-97cd-72d3f655d899
c3cae088-1edb-11e9-9cc0-0242ac110002
43d08c82-0064-11ea-8e96-0242ac110002
d741752a-2233-11eb-9492-0242ac110002
aeb4dab4-ce9b-11e7-94b2-0242ac110002
65ec561e-f540-11ed-86e5-f24e23154121
f355d75a-cde0-11ed-8e89-fe9c878cd25e
29a0c35c-63e1-11e8-a6d1-0242ac110002
d73bd212-0a68-11ee-8269-52f3cac11a80
15380de8-3c6f-11ec-bcee-0ac3a5779472
c4e22f06-a427-11ec-9d9e-52194df22c9a
dd65b4ce-6dd8-11ec-894b-a6aad4095418
34402f82-928c-11eb-a328-bab06bef90c4
861f0896-4a39-11e6-b2b5-0050569b1b91
cc8450a0-a1e6-11e8-808c-0242ac110002
7a3047fc-a97b-11ea-9de2-0242ac110002
aad2593a-8603-11eb-81a5-365fa7638364
4bdf0b58-afff-11ed-b0a1-2ac4a78e9e4b
88049e76-e954-11e7-9a0f-0242ac110002
85e3f104-945f-11e7-957a-0242ac110002
e46c9ba8-6f15-11e9-98a2-0242ac110002
90d2f608-0644-11ed-bfcd-b2e94880b1f7
efeda4ac-1d54-11ea-8634-0242ac110002
7f2f4b9c-c47a-11ec-8453-6a175f873bac
8c5dacf0-34be-11ed-9a6e-b62a810f2760
309e03c0-6dda-11ec-9a01-de053c1b35a3
e6e8c954-b7fc-11ed-90a4-2e62f2e571b7
061c7a82-9fad-11ec-9534-8ac5238db765
360fe014-0582-11ec-8e2d-a60093f31c9c
3c508a18-00e5-11ee-af70-4aae3864723e
e1c3ad28-b65d-11ec-94ec-5e719597c6e2
5a68b56a-0754-11ed-9265-26e61a565f1d
81d9b150-6df6-11ec-962c-52f1064b3d9b
c40508c8-83f5-11ea-8482-b68ed5f634ca
8ddd33ea-0f4a-11ee-9e29-4622c802df28
5d9ac28a-44b2-11ea-9ab0-6ea9728166f6
66580c96-efac-11e7-94e5-0242ac110002
cd94cff8-87de-11ea-b8b6-f653e1b3e322
d5576bae-ed86-11e8-bd2e-0242ac110002
db556b5c-e2ce-11ea-a514-7e98f3520493
eb9026b0-0fee-11ee-a0a7-167639bc45f8
7ceea1e6-d759-11ed-8868-1e0200e1da37
aef660a2-d740-11ed-91aa-0aa2801fde7c
792322ac-b341-11e9-a265-0242ac110002
4de88682-37e0-11ed-8caa-ea1bb4ed72e8
9982e848-ddb3-11ed-a338-82f995e00ccd
04955496-a3a7-11ed-993b-02b309726a99
91950f60-75ff-11ed-ad5a-16346f5e24b9
337e4a88-82a4-11e9-a46a-0242ac110002
4246a7ee-5087-11e9-8b3f-0242ac110002
3b777ff0-9906-11eb-92ab-faca3ffb3dc6
f0616628-b5b4-11e5-8a36-0050569b1b91
073baab4-c0ca-11ea-892f-0242ac110002
c5494854-6e20-11ec-b2af-0e89447b8ee2
9a287c14-916d-11e8-be04-0242ac110002
bac1dc7a-d7c1-11eb-a658-66b604e0fc30
0005c8ee-8961-11e8-a6a5-0242ac110002
2e0d7296-7e7c-11ec-8028-cea1757a60a8
c77e145e-9e4e-11ea-b9e5-0242ac110002
9518582a-eaf6-11ec-b989-beded50f3998
a68bbab0-db29-11e8-a64b-0242ac110002
2390643c-5823-11ed-ba6f-ee2aa9fca8c5
4be66a2e-2d00-11ed-8622-62779b56db9a
26a91746-1b21-11ea-a9ba-0242ac110002
4a40d3ce-bccc-11ed-97b3-02ead2bfe4a5
770d5946-37dd-11e8-b307-0242ac110002
5c914012-efd1-11ed-a259-e27447ecd7b6
f18747e2-e253-11ed-9253-42081e6cc1c6
b67b750c-dda7-11ed-85c4-fab0019a1ffa
a86a159e-e686-11ed-8dd4-b68111c315ad
eae93e0e-3bb0-11ec-9d61-0a37c67934a4
54cab360-c86a-11ed-9141-dabe31a13daf
e826aafa-6923-11ea-97cf-0209a5acf3f1
70164efe-f5ec-11ed-bd79-8219b1801b1f
8bdb602e-0b62-11e6-86c3-0050569b1b91
dc19e992-8b36-11ed-90b4-6612aafd513c
b83fd8d6-6adb-11ed-a9f4-d2072d47e6e4
ed2ae7ce-1857-11ed-a802-aa6ff58b3648
359b1c98-d88f-11ed-a607-6a175399da1b
4f06fb8e-e19a-11ed-82e2-e2773052d764
64ab18d8-af4d-11ec-b56a-fa13276551b6
476d691a-b352-11ed-93b7-16d8176a224c
5ba4b96c-002b-11ee-b7de-fe2dad5de2ca
31887f56-caed-11ed-b7cc-1eda3381ec65
d39c221a-9f9c-11ed-ba4b-9668479ecede
31bed5fa-5153-11e9-a05d-0242ac110002
78e2c3a4-9017-11ed-993b-02b309726a99
76d19828-734b-11e6-a15f-0242ac100c04
72ba7b74-0bf3-11ec-9fe6-b2b9c6307213
07fe4c04-0674-11e7-8395-0242ac110002
05bc459e-8855-11e9-8ab8-0242ac110002
28f3ec58-a870-11ed-aee1-de2f0948d04f
88d93602-47a3-11ec-a91b-e6b1d7838ffb
236895ee-ab3d-11ec-ac2b-ea07e6f66a5e
86e31c86-1d8e-11e6-9108-0050569b1b91
a3d28020-a718-11e6-8a77-0242ac110002
22d06b16-4d96-11ec-bc9f-5e8369171c3d
f77423ba-9e61-11eb-8ea9-1a0f201a18dc
b37e7100-ad59-11ea-aa71-0242ac110002
9bf3b818-a1ee-11ea-aa7a-9a374888fa2d
02a6485a-a1de-11e7-a6fc-0242ac110002
43aa27d0-ed65-11e8-bd2e-0242ac110002
26b5a4d0-4fea-11eb-a34c-0242ac110002
2343aec0-aed5-11ea-b1d0-0242ac110002
cb7e3f6e-6696-11eb-ac3c-0646ea4d9c67
75d7ac58-79cc-11ed-9683-f28fe96f6301
1e3d6370-67f6-11e9-bb07-0242ac110002
a37637be-5a18-11ea-aa43-0242ac110002
f936e74a-8fbc-11eb-99f8-5a11cc4b85ab
60d15576-4b2d-11ec-a79c-ea24b09701a1
ab4ea802-c418-11eb-a6b1-323fdb9eb614
bf24b160-42bb-11ec-8cca-f61f6759ac3c
f1795d7c-cb1c-11ea-97d9-c2fc495ed466
2d1e7692-0f3e-11ee-a64c-6a63754663c9
782c2cd2-7283-11ec-a46f-167f9928b298
d06ff618-9aa5-11ec-8b04-7ef7eb5fc553
5b58bbfc-7778-11ed-b93e-fa3881d42870
72e3e8f8-2632-11e6-b4f3-0050569b1b91
f3c6972c-d3ee-11ea-8622-0242ac110002
23fd84f8-3fc1-11eb-935b-6a26c47a3f1b
9b5d0894-0d73-11ed-947e-ae765bb7bb29
afbd2f02-6df6-11ec-b23c-5225688aa47a
a52024b8-b190-11ec-a6c8-6e35559b0cc0
f4316f06-2fab-11e7-8860-0242ac110002
30228774-220f-11ed-8366-466b97090eb3
6d6e466c-ac7e-11ea-9543-0242ac110002
e534c2fe-b9ff-11eb-8f31-8671629ecb27
24cede2e-63d0-11ed-8ce3-2ea71e6169a0
342c76be-9eff-11ed-a00f-e6bc8c4ebe17
29afcb94-04d7-11ee-af70-4aae3864723e
1b18ed6a-da6a-11ec-8605-b6648db3bd7c
1a94309a-5d80-11ed-8b57-92b06c8f189a
c72ea050-3956-11e7-8860-0242ac110002
1093050e-f011-11eb-b67f-fa24e0051d4e
6a6eec6e-c73f-11eb-95c2-221351208657
e9355f10-eefe-11e6-89d3-0242ac110002
de6a1472-d6d5-11eb-83d1-cefefb406359
81e2c694-b935-11eb-a321-0242ac110002
5d853628-b144-11ea-a89f-0242ac110002
9bc90c00-21a7-11ec-a3f6-8ed5add65b67
ad1cf194-c412-11eb-9177-7a7b928b534b
b668cb48-24d4-11eb-8d36-0242ac110002
7fbd68fa-b442-11e9-a699-0242ac110002
210c7afc-0fc1-11ed-be0c-9ef6b8805069
d9b2629e-a132-11ed-bb00-3a86cc0cea15
d3496788-15c7-11e7-ac87-0242ac110002
a1f8bef2-fe5e-11eb-a555-464d033b5fd1
0a97353c-2a88-11ed-a20e-6a529977eb1f
0c67eba4-e0a5-11ec-a976-0ac79e7a7add
1c52032e-aa6d-11ec-903c-e22a7879871b
66ef2d58-c56e-11e9-92a4-0242ac110002
9e6023de-d703-11eb-8362-a2a3ffcae8a6
2ff9ac42-dc09-11ec-940a-f265a347c968
98d900e2-fa11-11ed-aae5-e642ee9445e8
dd177236-5f14-11ed-a691-1ae8f139703e
f80532d6-6bbc-11ed-b0c9-3687119db6b3
7859bd58-7b5d-11ed-a478-3af782588c2f
c6a3cb76-1861-11ec-a3cc-7a7ac6ce503a
1c1ba34c-b472-11e7-9c3c-0242ac110002
c1b5e3d4-ffa4-11ed-9a1c-c604db083e11
b95b0372-adc4-11ed-ae7e-bac93e056a35
a96457b8-fc37-11ed-a2d9-060e9906ec72
ad3e48c8-dc67-11ea-b82a-0242ac110002
0dfcc7e4-00c9-11ec-bbc6-42e686a712e2
cd374e2c-05c2-11ee-ac30-daff03e42293
cd102412-9be7-11e9-bd8d-0242ac110002
ca839a10-478a-11ed-92ce-863b29760aac
553f26c8-1e11-11ec-92c6-4aa9b5806a6a
72236f8a-5d53-11e6-80d9-0242ac102159
480884f6-c53f-11ec-a0c4-4ab2cf9835fd
576b8880-836f-11ea-8fcd-56c4d92bc97a
a76f265e-3802-11ec-a6b8-4e9473500c4e
eea906f4-a5f1-11ec-b69c-029fc8c1ad04
f8d84664-503e-11e9-bb5d-0242ac110002
d69a71ba-b40a-11ed-b51c-eefc869f79f4
70c35d26-ad06-11ed-96b6-0ed8f00b0d64
e8ec592c-1031-11ee-b2ba-de9fb01325e4
f512a9e6-2f75-11e9-938e-0242ac110002
29eb56da-0f1a-11ee-a0eb-de246b3586fa
cda299a0-1f17-11eb-bbc4-ae302249a58b
54c8028a-9eff-11ed-90b4-6612aafd513c
b5a2e6e6-a86a-11ed-b19f-12edbc9dde8a
61bffe40-2ba6-11ea-a2e2-0242ac110002
9e6aaff4-e195-11e8-812d-0242ac110002
b01b990e-aa31-11e6-8675-0242ac110002
1f726cf0-4221-11ed-9a32-52cfdf951c5a
c537cdb6-dec6-11eb-a106-3ec16ffa35d0
ddda9726-cdce-11e6-9980-0242ac110002
4361bc98-6b35-11e6-a7f8-0242ac103703
62eb5432-d28d-11ec-9ed2-7a1ff6496884
42f176a2-c3a5-11ed-a913-5699da8c1463
a5082590-c413-11eb-b3a3-92eb9bef8cb0
aefbb0ec-a82d-4c39-b749-313bbf1ad9ba
25693848-a934-11e9-991a-0242ac110002
d84efa8c-defc-11e7-b329-0242ac110002
d4151fac-3ada-11e8-98b0-0242ac110002
b8bd3cb8-0e3d-11ed-b153-3295b654f4a1
123f4a86-3757-11e9-8931-0242ac110002
5f9804bc-8837-11ea-8425-0242ac110002
aacf7efc-eed1-11e8-8e47-0242ac110002
f9261d7e-a5dc-11e8-b6c5-0242ac110002
dc84b96c-b406-11e9-8e60-0242ac110002
e8a0c248-0969-11ed-868a-ea15c4f23075
e30b3c4a-24d3-11eb-b3fd-0242ac110002
498d303e-225b-11eb-b723-0242ac110002
23c7cb92-80dd-11ed-993b-02b309726a99
ed492f80-28fc-11e8-bc07-0242ac110002
4bbc48ac-3dc2-11ed-a665-2acb8830e1db
696c7a4c-d9f3-11e9-b701-0242ac110002
88dbd072-45c0-11ec-a3ee-46d2623fca4b
ef8848c4-6242-11e8-ba42-0242ac110002
33a24366-1bb6-11e9-9f85-0242ac110002
732ec53e-469d-11e8-979b-0242ac110002
c9a44948-047c-11ec-b6d7-7e710254e7b9
a3a29248-0d74-11ed-93da-c67802f9b99a
06a33cce-d298-11ed-8862-5666ee0b6971
db0a3298-4aa2-11ed-9e6c-125755bee9e0
2f1e8606-8438-11ea-bfa7-0242ac110002
a5e737ea-3d74-11ed-aa8f-6671cb502ca7
c0798a56-6de3-11e7-bab8-0242ac110002
b788a332-0e2e-11ed-b153-3295b654f4a1
247628ee-6711-11ed-895b-3ab56b140780
b65e7f4e-c4c2-11e9-8ddc-0242ac110002
e5dd2ba6-405a-11ec-9d61-0a37c67934a4
16850da0-56b7-11ed-b8af-ee3f4bbb262c
e621a65a-bc6f-11ec-94ab-9ac9f53c252e
61267582-c584-11e9-8f2e-0242ac110002
7645a2ba-ffa7-11ed-8007-6e3048f796e3
55bafd6c-a785-11ed-bb00-3a86cc0cea15
dfdba5e8-3e9e-11eb-8814-0242ac110002
e5656cd4-83f4-11ea-b65a-b68ed5f634ca
e9767290-d744-11ed-b2b3-2e0f880c541c
bad50b9e-00c8-11ec-9d95-4e7b6609e8a8
25859b76-bb08-11ec-bf1c-e26db13c1703
6248e132-f48f-11ed-84e2-4afb93dc55b6
0c4f5996-fdea-11ed-85de-7299f9ec9975
5d52c5ec-2a7a-11ed-bf1b-e60e1fe8ef0d
bd34ebe0-cb25-11ea-ad09-0242ac110002
fe7b20ae-2c93-11e6-8c85-0050569b1b91
2938f218-eefb-11ed-927d-72259fe33dc1
33237e06-1714-11ee-9add-4a25426996ef
d469f48e-a41b-11eb-b750-7ab07ed53196
a4ee2000-0221-11eb-a656-0242ac110002
4227bca0-534c-11ed-9882-4e2c8286e58f
368cd59a-ae22-11eb-93d0-62de5f2e7080
0799b248-51de-11ec-b1d0-7aaea55de758
9a6f42c8-5cb4-11ec-bdd3-2e8cb5685b8f
82296ed4-a748-11e8-84f2-0242ac110002
b6866e30-196b-11ee-939c-f6ec86befd4a
b7cc6452-e185-11ed-9d57-720007e4f63e
ab058aee-2712-11e6-9567-0050569b1b91
890c9a84-0c13-11ee-9f44-b2fd376f4652
fbd8f4f2-a13f-11ed-9ceb-ea0ed99f2599
e19d72fc-a13f-11ed-bff7-ae1667b909ce
33f6391e-68de-11ea-bd5f-0242ac110002
a7f0246a-4ad6-11e8-8639-0242ac110002
3df84a92-e31a-11ed-82e2-e2773052d764
b23fc454-1031-11ee-a2d4-bae81b671c7a
a0bb7fae-d1ba-11ec-8afb-4e24df273a23
942e9474-44d1-11ea-a5b9-76841b4c32e9
30ea8ca4-0f4b-11ee-9f44-b2fd376f4652
2f82171e-13ac-11ee-a64c-6a63754663c9
65d56954-f847-11ed-ac39-a240a1d6edfe
19e186ca-17dd-11ea-bbad-0242ac110002
8257c990-915a-11ed-a863-3672bff05146
b79fa89a-1ebc-11ed-9970-56e8fed424a2
cb5551e8-1324-11ee-b88f-1ab31ef9f4eb
1917a728-a8e5-11ed-97e2-ba743aa66321
9c999aa4-c477-11ed-9c6d-c6d8d5ea44ee
96cb37b6-09b0-11ea-ad47-0242ac110002
c42fc0ea-da6a-11ec-8951-d21e2afce973
849afda6-f8d3-11e6-8395-0242ac110002
67be0fa8-f2a1-11e6-ad65-0242ac110002
35ff27e2-5186-11ec-9c93-f25c02bbb07d
2c18ec64-62ec-11e7-a314-0242ac110002
3ec707d0-6c6c-11ed-b038-162fc5d9a881
8fa567bd-cab2-47fe-962b-b6c049e501c7
d92dc150-33f1-11ed-930f-26f1a99fcc1d
2d324fcc-bdf7-11eb-8a4f-421ee4660651
e3a4bbe0-d8a1-11eb-a658-66b604e0fc30
84e540e8-7e7d-11ec-8028-cea1757a60a8
87e7a0aa-6e20-11ec-9a01-de053c1b35a3
4707e5c0-0f43-11ee-8c42-12b165b4bec5
c23b77da-bed0-11ec-aa4c-ce301e1476dd
58c6f0b0-5349-11ec-8a87-76560cfccef3
29ef2fec-c581-11eb-9857-6e005acf8abd
522db06e-4d47-11e9-a5a9-0242ac110002
742010a0-ed39-11ec-83ce-d6e0f243e02c
3d90d98c-b23f-11ec-b6c4-8a23f07a1e93
a0432e08-d8a2-11eb-83d1-cefefb406359
12f192be-eb5f-11ea-8f7f-0242ac110002
f6edc056-3dd9-11eb-9ba4-0242ac110002
a84e933a-e61b-11e7-b5a7-0242ac110002
9fd88912-b668-11e9-a140-0242ac110002
3e788b3e-40e3-11eb-923f-0242ac110002
bf1328fa-1d36-11e7-87e3-0242ac110002
bd4e1b08-14a4-11e9-aa8e-0242ac110002
f858c31c-1833-11eb-9838-0aa4a5fc5339
d83ee99a-4f05-11eb-893a-0242ac110002
134eca7a-0a77-11ea-9a62-0242ac110002
0f308b96-096a-11ed-a073-7e8210dd1cac
609b329c-c0b1-11e9-a5c5-0242ac110002
b1e459aa-65d1-11eb-8570-c288d273374c
2af020a8-ed15-11ea-892f-0242ac110002
ab45e7dc-5688-11ec-b121-ee9abaf7f333
25e7a5bc-e398-11ea-9f8d-0242ac110002
d5e44cf4-1e11-11e7-87e3-0242ac110002
c830fbd0-c56b-11e9-b373-0242ac110002
e1d06508-1c6f-11e9-b8c7-0242ac110002
328af580-1172-11ed-a55a-4eafa5b32396
50a1537a-d8a2-11eb-aa3f-a26222ad8a35
f7b6990e-62a1-11ea-a562-fe447fad327f
0b60b5fa-ff86-11ed-a4aa-e27800858960
baf92120-6807-11e9-98a2-0242ac110002
dd530362-5bd9-11ec-84f9-325a1a2d6631
3c6e3c3c-3ba9-11ec-baf4-b29b7e712cdb
4e9d631c-2396-11ed-91ee-ea4cc8b6801c
a2e5e13c-20fa-11e7-ac87-0242ac110002
459636de-21b6-11ea-9eba-0242ac110002
1bc65a68-1ad4-11e8-af51-0242ac110002
c400d490-82ad-11ea-8ed6-0242ac110002
a625bd90-a933-11e9-aec6-0242ac110002
b3caeca0-0d09-11eb-9785-0242ac110002
ef09e33a-7e1a-11ea-99df-0242ac110002
07c816f2-00ad-11eb-b620-0242ac110002
9a6149d6-5953-11ea-9e50-4a64cd55be74
b45f1bce-663d-11e9-8b42-0242ac110002
85af9c94-75fd-11e8-8273-0242ac110022
3d3d391a-c6cd-11ec-b59f-ce7c59b6e781
8f99c946-bfa5-11ec-884a-4e0809cfff7b
33573e2e-1be4-11e9-bc1a-0242ac110002
b9de7ff6-e34b-11ed-b0a8-16d93418df2d
6e4e093e-2a34-11ec-92c6-4aa9b5806a6a
6c737b44-fb31-11eb-834a-963f594f9341
a0e03330-0707-11ed-a9d9-0ad9c9bb5171
4362ab20-90a9-11e9-bd8d-0242ac110002
2f4a86e2-c968-11e9-a13c-0242ac110002
8c0be10c-7853-11e9-9b6c-0242ac110002
42ee211e-e647-11ec-bd63-2e606fd75d8d
2c21cf1c-486c-11ed-939d-1a6c52be81d3
e231c70c-ee61-11e9-9e64-0242ac110002
cdd4528a-08f5-11ea-95ca-0242ac110002
061d0f62-597e-11ec-bfc1-da10f2e8ec33
7f4e2ff6-6df0-11e8-86f1-0242ac110002
fda261f4-db2f-11e8-812d-0242ac110002
d6da002c-1bb7-11e9-b060-0242ac110002
57d30ecc-447b-11e8-925f-0242ac110002
8cec9c02-3e16-11ec-bc4e-46a9583b1631
10d0a3a6-a9c4-11ec-b22f-2e41545e0d04
4527ca90-ce4f-11eb-8d41-3241350b4a52
4dae6630-e063-11eb-bdd7-6a7344e3d153
a356889a-d304-11eb-82c2-aa84ff328b83
d7187c92-de35-11eb-af9f-ea07a495bb82
91810b2c-1bb4-11e9-8aaf-0242ac110002
375ef6fe-24f8-11e7-87e3-0242ac110002
968b6638-772a-11e7-b6b0-0242ac110002
f169d456-a111-11ed-aded-b635a9fce096
da399868-b182-11ec-89fa-9698f08c9abc
7de48f06-ee0c-11ed-a219-e24846a47d7c
94386b02-5ed4-11e6-8340-0242ac100c05
343b848a-680b-11e9-930b-0242ac110002
0ba1e048-c581-11eb-97e6-1e87532ba5d2
8d958a62-484f-11ed-88df-4669407ff986
d8bf7d82-ee0c-11ed-b907-86a325c62e30
70fc2fa8-f6ad-11ec-88af-569f70122934
7f5f7a88-9136-11eb-9309-fef0d1d18793
3e4a3f24-ed73-11ed-8dd4-b68111c315ad
12366fc6-ee0d-11ed-b907-86a325c62e30
20cf48f4-9506-11e5-8a30-0050569b1b91
b74a09ca-55a4-11ed-b963-e2bdc52eeda5
bb94f182-46e1-11e9-ab53-0242ac110002
437ede1e-121e-11ec-8e15-b2cf6cbc06a7
4a0b72fe-b2b5-11ed-93b7-16d8176a224c
2099f90e-0dbf-11ed-815f-92c7a4ba8db5
f2052fc4-4850-11ed-92ce-863b29760aac
69490970-4650-11eb-9fde-0242ac110002
337b4bf2-5940-11eb-a795-0242ac110002
8542e272-1761-11eb-b5ec-0242ac110002
fa7f5ba8-5b4b-11ed-bb0b-a264d4730a6d
b9cfeef4-fdc8-11ed-a4aa-e27800858960
c0d880f8-9f38-11eb-a8ad-266ef4330538
f845b0c4-aeae-11ed-b204-ea4ed1beb2ef
1348d454-041a-11ed-828a-dec242f6423f
083966ec-9f00-11ed-85e8-ee4be60d5247
668179c0-79ee-11ec-89c1-3ebf82aca68e
3fffa548-2886-11e6-ac7c-0050569b1b91
8608ae5a-5922-11e6-a5a5-0242ac102153
c9da64a2-e56c-11ec-ac7a-06d4377c3803
a066c05a-002a-11ee-8007-6e3048f796e3
398c586c-4a1e-11e8-a351-0242ac110002
7d55f2d6-7dc5-11ec-93c7-4a04fecb13de
b8be0e94-f619-11ed-a0ac-aec068dc3f27
e42285d0-46bd-11ed-ac5b-9e968a6bf1e6
a21ff17c-46e5-11ed-b701-6a2a2c59d22e
b26cf594-6603-11eb-8307-2ed61aed2537
93a29162-e79d-11e5-8213-0050569b1b91
c561233a-cc66-11ec-99a2-36374d4944dc
e6d8db76-835c-11e9-a5c0-0242ac110002
3bba4c84-ef11-11e6-89d3-0242ac110002
235cede6-6da2-11ea-8f16-0242ac110002
b96095d4-a5e6-11ed-a83a-7adb1e7ae3bd
d2d99678-a5e6-11ed-aded-b635a9fce096
24f1e83a-e855-11eb-83a7-7e526688e921
3e292c30-77e8-11e9-9774-0242ac110002
d260f2ea-75e0-11ec-9340-2653a0177682
a138f77e-d243-11ed-8a1b-ae483e53749c
368d8d1a-680f-11e9-bb07-0242ac110002
c413213a-2f19-11e7-8860-0242ac110002
112921fa-de9b-11e7-ae30-0242ac110002
d5f457d8-1ad3-11e8-be7b-0242ac110002
b5fc5806-a370-11ed-90b4-6612aafd513c
f50bd564-6dfa-11e7-bab8-0242ac110002
14b48112-51b8-11ed-9e3f-ce4c1bd33fe9
c834c074-1353-11ed-bb37-0686416ea9d0
1651c11a-9066-11ec-bde3-1e249757af63
ea7a6030-d441-11ed-8a1b-ae483e53749c
325518d0-cdab-11ec-8336-8ea9189b9f7d
5ba52e06-ee33-11ed-84e2-4afb93dc55b6
5ac8c74a-cf7b-11ec-be03-72405849d01f
9f96b538-fe4b-11ea-b976-0242ac110002
ffc46de4-23c4-11eb-a6c6-caab91d24724
f19e8cd4-3abe-11eb-9ba4-0242ac110002
23744528-ba07-11ec-8e11-f262178931a6
ab110982-ef1a-11ed-9cfa-ee9a55cbfc40
cdeae5aa-d920-11ed-ae87-d67bba1e5d0e
1c2f360c-50e3-11e7-9503-0242ac110002
fb254884-f550-11ed-b9e4-de94e2d9ca24
7d665514-ccb3-11ea-a47a-0242ac110002
675f1a94-ed7b-11ed-afe7-0ede2ab4a186
824d3d2c-b680-11ed-b37d-569abee5d473
86d74f3c-ac34-11ed-aeef-c6e99fdaeaaa
adf63e2a-d963-11eb-8eea-2ebc2c74e07a
7ebfe070-1b00-11ea-bbad-0242ac110002
a1ef2e80-fb31-11eb-a837-eae02e143911
74fe2c12-2a7b-11ed-9a6d-02aa865dac9c
41db9662-122a-11ed-b153-3295b654f4a1
f48e0470-e3da-11ed-b0a8-16d93418df2d
8c441cce-488f-11ed-804e-66a7f4aa5156
a529a874-098f-11ed-be95-bab379cea198
52430dc4-d79c-11e6-9980-0242ac110002
ba59d762-67d0-11eb-94a7-ba525b68fc8d
362821f6-c8ce-11eb-8cd4-4a8ea031c89f
109d86c8-ec16-11ea-bb21-0242ac110002
6d6d8cc0-6842-11ea-a7ce-0242ac110002
1b568518-1185-11ea-9a62-0242ac110002
74ad300e-17c6-11ed-b76e-c21403df7a46
18f93bc0-72b3-11ed-8edb-e6b78cc38ca8
9c159bd8-ae96-11ed-8811-5ec8aa87d808
bc85ed12-0678-11ed-8fd2-366dcaf1b57a
567b6328-cf40-11eb-90a7-7ec2bde7841d
bc5aa1e8-e398-11ea-a3f9-0242ac110002
072dc340-a5ce-11ed-9236-2a5f25a94c7d
5750f5e0-6cba-11ea-907b-0242ac110002
3fa25714-90d3-11ed-9236-2a5f25a94c7d
db547cb2-ccbe-11eb-90a7-7ec2bde7841d
9f71aff8-2069-11ed-b413-c69038e4ad43
541417f6-4119-11ec-9d13-1261ad213fc2
22ca72b8-518a-11ec-8de9-f6fb2c01d26e
f2996ff6-d9f2-11e9-b701-0242ac110002
9e1310ae-5357-11ed-8b40-a67130f7a09f
4d9136e4-6c91-11ed-a9f4-d2072d47e6e4
322f3798-ede9-11eb-a1b7-de0e3bfd2161
d1931d68-d86d-11eb-bfe1-1a403648e7b3
f7f07122-c413-11eb-8da0-5ebdf10f6fca
c3c4f2a6-8974-11e8-952b-0242ac110002
144f0162-0142-11ea-8d41-0242ac110002
3b17840c-3341-11ed-876e-a66cfec6dbb3
07853e5e-fa2d-11e9-91fe-0242ac110002
a2097794-9ac4-11ec-a2e4-466cca98ab64
3624dd34-d1d3-11ec-bfba-e6829203a875
abd23966-a93d-11ea-a30f-0242ac110002
c382a8a2-b527-11ea-9b73-0242ac110002
e5f94f46-8389-11e5-ab29-0050569b1b91
96211148-1821-11eb-a5f6-ca1d7b2eb8ae
38b15cfe-bffb-11e9-a5c5-0242ac110002
ede47412-afa5-11eb-93d0-62de5f2e7080
877db67c-d7cb-11eb-a77a-3eb98755b2a4
0afccc74-0673-11e7-ad65-0242ac110002
423765d6-0f31-11ea-96d0-0242ac110002
7f9f812e-b387-11e5-afbf-0050569b1b91
17537146-0252-11e7-ad65-0242ac110002
0228aa7a-685a-11e7-a314-0242ac110002
ee04bc40-c39f-11ec-8dc7-369b9d8053c2
af2c0a88-afa4-11eb-8a5f-b268649a2e3f
70351b98-de93-11e7-ae30-0242ac110002
fea04766-b354-11e5-af6c-0050569b1b91
4e27a8c8-c56d-11e9-aa22-0242ac110002
e06e90a2-a004-11e6-8f91-0242ac100603
93d2b064-c74e-11ea-b6e4-0242ac110002
7a0ed594-aed1-11ea-aa71-0242ac110002
3a131e22-5bdd-11ec-8eb3-3ecabde88d28
b0ee7aa2-d161-11e6-9980-0242ac110002
87782d46-7afc-11e6-8f12-0242ac103697
88c5a534-80c4-11eb-ac40-26805e254e1f
d408060c-59ee-11ea-a7b4-4a64cd55be74
1e17d03a-930b-11ed-a83a-7adb1e7ae3bd
38072b18-6179-11ec-a2f3-5a154554716b
4cde84e0-aa67-11e8-b5e4-0242ac110002
490e2a90-a0e2-11eb-b808-9602cbfa07f9
2839ca3a-c56b-11e9-b373-0242ac110002
9470a1a8-b72c-11e9-b830-0242ac110002
79d4b7b0-8d73-11ec-9ec0-e611aa3f142c
84a9132a-f6af-11ec-98fc-86b99916c103
5bfdfdd2-53bd-11e6-ae1d-0242ac10214a
9df3c644-eb67-11e6-bb37-0242ac110002
4c5a8642-ad12-11ed-a758-be56053394fe
22f841ba-36b1-11e6-9fdf-0050569b1b91
75fd5e04-09f2-11eb-bd8f-0242ac110002
f4f9664e-8164-11ed-b59c-4229750f9d0c
4066c7ac-67fa-11ea-86ce-0242ac110002
d984a166-c79b-11e9-bfba-0242ac110002
d55f07a6-5dbf-11ea-a7ce-0242ac110002
1bda9982-88a9-11ec-a96a-42cd93040f09
f866108e-5177-11e7-9503-0242ac110002
b5c5de9a-ba03-11e7-889c-0242ac110002
702c39a0-b7ca-11e7-a632-0242ac110002
d9ad1f04-df1e-11e7-8fb1-0242ac110002
7f0cd174-1dc9-11e6-8811-0050569b1b91
fe935d20-dba1-11e9-85d3-0242ac110002
065d3ca4-6252-11ec-8eb3-3ecabde88d28
5e9f33fc-9efb-11ea-a608-0242ac110002
0ac0492e-1d49-11e7-ac87-0242ac110002
54b0ea2c-947f-11ec-903c-e22a7879871b
0584532a-051c-11ea-8878-0242ac110002
5264b51a-1457-11e9-9a97-0242ac110002
41216b46-8bb8-11e7-aab4-0242ac110002
e94da578-6f97-11ed-a9fe-2297c76c4e4d
91cff9fa-a0fe-11ea-b617-0242ac110002
793e81b8-1367-11e7-897c-0242ac110002
6a0a56aa-54d4-11e7-a2b8-0242ac110002
d7478470-6a07-11ec-84e7-2a91651dd208
bc663ac6-aa6a-11e8-ad79-0242ac110002
01ebe50e-310b-11e6-a2d8-0050569b1b91
bd6927ce-1382-11e7-897c-0242ac110002
8bebcc4c-45b0-11eb-9698-1e198dca7aa4
114e83f6-9ffe-11ea-a196-0242ac110002
e557acb2-f80f-11e6-ad65-0242ac110002
f5fc55aa-4715-11e6-8d8e-0050569b1b91
3854cfb2-644a-11e6-b4af-0242ac10367d
bb63876c-1fcd-11ea-bbad-0242ac110002
5ab45f1c-ae48-11eb-b750-7ab07ed53196
e4cb484a-df0d-11e7-9b9d-0242ac110002
1aaf681a-3337-11ed-80c4-0687bc0e9967
3c8bd5c4-dba4-11e9-88fb-0242ac110002
ed3f98b2-cef9-11ea-965a-0242ac110002
87bfe3f4-4e59-11eb-83fa-0242ac110002
633bfec6-75ba-11ec-b278-fa6733fb4cbd
e1d6056a-862f-11e9-b945-0242ac110002
40d63346-b407-11e9-b158-0242ac110002
1bb53346-12cf-11e6-93a9-0050569b1b91
7deedece-f431-11eb-834a-963f594f9341
257aaa16-c3e1-11e9-8ddc-0242ac110002
4476ea64-60eb-11e9-9fab-0242ac110002
81c1e8d4-0967-11e7-ad65-0242ac110002
9430d3fa-e671-11ea-bc14-0242ac110002
c713d7b4-616c-11ec-8eb3-3ecabde88d28
14940498-e990-11e9-82b1-0242ac110002
9f5e8364-9f7d-11ec-b69c-029fc8c1ad04
1179423c-c83d-11ea-bc51-0242ac110002
8b10b378-6272-11e9-9773-0242ac110002
1b399b42-39f7-11eb-8814-0242ac110002
ce5da43c-a438-11ec-a328-aadb8f36ebf2
ef642d98-79be-11e8-9216-0242ac110002
19d518d8-f6ae-11ec-9e83-3ec0fef5fb78
94afb524-8d75-11ec-9ec0-e611aa3f142c
3532a8d6-ba39-11ec-856e-b27a12bc8f2e
a3f4618a-f0c1-11ea-bd86-0242ac110002
54cfc77c-77e9-11e9-ab87-0242ac110002
2f7037ae-b2f9-11e5-8c66-0050569b1b91
caa95d28-b407-11e9-bfce-0242ac110002
ad11b120-b407-11e9-bafc-0242ac110002
745779a8-6773-11ea-86ce-0242ac110002
f2b64b68-6c39-11e7-bab8-0242ac110002
9bf56498-51d6-11ed-8b40-a67130f7a09f
35f81fbc-44f1-11eb-9971-0242ac110002
42c0ea44-698c-11ea-bd5f-0242ac110002
23a93560-0e68-11e9-9a97-0242ac110002
ea0f77a4-7886-11e9-be93-0242ac110002
bbaef9f0-de5f-11e8-8953-0242ac110002
94c57394-ae56-11ec-ab73-aa345f50f345
d63f17f4-e99a-11e9-b41d-0242ac110002
2760c96e-6187-11ec-bdd3-2e8cb5685b8f
d8b403a8-aed1-11ea-aa71-0242ac110002
b1fa18ce-e35b-11ea-bbbe-0242ac110002
f7894e82-dfda-11e7-b503-0242ac110002
c834fe38-d338-11eb-a7e1-2263a554bfe3
2f86b6c2-c13f-11ec-a7ca-569ff0f6417b
0a3ff240-c20e-11ed-b092-7af294770ef5
a328c6c6-4b8f-11ed-bde6-aac763e655b0
40b8f54e-ad03-11ed-8b7f-ee306a45fb59
919bc874-ee61-11e9-9e64-0242ac110002
b0451c8a-eb67-11e6-af25-0242ac110002
2f6a39bc-0444-11ea-b83e-0242ac110002
c1c8a2fa-4f05-11eb-8d73-0242ac110002
84a6385c-5ee9-11ec-b21f-4e2f023009ad
a06cbdb4-8160-11ed-8b48-1aa04e16007a
2252c780-9c1a-11ea-a28e-0242ac110002
3dda0fca-bb87-11ec-82ef-fa835c75f1b4
d43d6b52-1c6f-11e9-8aaf-0242ac110002
54de2c16-6de3-11e7-bab8-0242ac110002
856841c6-701a-11e7-bab8-0242ac110002
0d1a16ce-f6af-11ec-98fc-86b99916c103
eeb79bca-6252-11ec-9810-5efb38d672be
eff76d2c-9d69-11e9-b704-0242ac110002
5ab5bd98-e054-11ea-b7ba-0242ac110002
040e7d36-6253-11ec-bfc1-da10f2e8ec33
4f96765c-d3ab-11e9-83eb-0242ac110002
444d482e-cc65-11ec-8149-66123e3d7735
597939ce-9e2d-11e9-ae33-0242ac110002
9f22ceae-7283-11ec-8767-c2fe9f656a97
2851ae06-3f32-11e6-8390-0050569b1b91
49c87f5e-41af-11e6-8ce3-0050569b1b91
febf913a-00c8-11ec-9d95-4e7b6609e8a8
56adb278-e855-11eb-9eff-f62cb9541151
6ac24432-2291-11ed-9d52-1e2827ce99ba
2aada424-2314-11ea-a1a1-0242ac110002
7c0bc56c-6483-11e9-8486-0242ac110002
1da0f1b8-17c8-11ed-afab-cadf9534ec15
d17972da-5361-11ed-bb37-2658d8b71f4f
298c6468-4e09-11ed-9dc3-46d9ea013562
6376c55e-a13f-11ed-90b4-6612aafd513c
ed2f0ca4-c2be-11eb-8a4f-421ee4660651
e6e26a14-0bb4-11ec-9fe6-b2b9c6307213
d708b12a-17a7-11ed-b3c6-06f188c7eb44
1b476f52-c585-11e9-bfba-0242ac110002
d4328462-88aa-11ec-8532-b295a0d3a2e9
4a26815c-6ccc-11ea-a719-0242ac110002
921702c2-6b0f-11ed-83af-6a9753bc76d7
54f6955e-1b28-11ea-a9ba-0242ac110002
3b07a0b6-c9c8-11eb-b085-2a62ec3871ce
8836360a-6170-11ec-8eb3-3ecabde88d28
01cf97ae-6299-11e6-a1bd-0242ac102161
b1115b70-406f-11ed-ba82-2ed455abcd41
97b81ec8-6b85-11ea-907b-0242ac110002
d846047e-dbf7-11e8-a64b-0242ac110002
4c2a180a-a439-11ec-a328-aadb8f36ebf2
1d4b2c72-6253-11ec-bfc1-da10f2e8ec33
77cba178-bc83-11e8-b056-0242ac110002
d3ec7cc0-e56f-11ec-ac7a-06d4377c3803
4b7bd1f0-6253-11ec-bfc1-da10f2e8ec33
86d132be-33c3-11eb-a38c-0242ac110002
5e4a5c0c-a5e6-11ed-90b4-6612aafd513c
944a1b7e-5857-11ea-b78f-0242ac110002
a045571a-4133-11ec-8e21-b6f4ee86fd16
6526f7b0-9a71-11eb-bc02-3ab2a0a5f27c
fa04898a-32db-11ec-be89-32f298f4feb1
8bff4250-0b62-11e6-aedb-0050569b1b91
9f098cf4-c510-11ea-8b02-0242ac110002
f445a950-4f03-11eb-ab46-0242ac110002
314dbc46-c837-11eb-a19a-26f07b9a67ef
fee0d84e-a5e6-11ed-aded-b635a9fce096
ea94d9aa-fe29-11e6-8395-0242ac110002
7d4d231e-c9a1-11eb-9f6d-fe6c79cd2ea0
a6a27cea-e216-11eb-bbee-129b328e31e1
e7d688de-76cf-11ec-ab39-7e4545d0d7aa
3004f4f8-cd0e-11ec-8149-66123e3d7735
f9cbab06-600c-11ed-8cd7-1ee20a49811f
5ae967c8-3f64-11eb-b1cd-0242ac110002
9439a5ec-6760-11ea-aa66-0242ac110002
47b791bc-096a-11ed-947e-ae765bb7bb29
4f641cfc-775a-11e7-b6b0-0242ac110002
1c9fbe70-b407-11e9-b9d5-0242ac110002
935faaf8-8d6a-11ed-9d71-1eaaaaa53d0e
da31287e-1736-11ea-9c39-0242ac110002
f2494fae-6474-11eb-8570-c288d273374c
dd75e6b8-fa2c-11e9-9a34-0242ac110002
60b8e212-b528-11ea-a431-0242ac110002
e264114a-a5d2-11ed-a00f-e6bc8c4ebe17
8214b340-6252-11ec-bdd3-2e8cb5685b8f
b30d7360-3268-11e8-b09b-0242ac110002
4924a610-a6d7-11ed-a4a7-52c2c8acc105
19ce885a-22a6-11e8-a2af-0242ac110002
8b1ea066-2419-11ed-8450-56f56f661a52
cfa4eb4e-abdc-11ea-b510-0242ac110002
e623fd72-a5e6-11ed-a83a-7adb1e7ae3bd
22386f84-c46f-11ea-aaab-0242ac110002
e997920e-ba73-11ea-a03b-0242ac110002
f2f1146a-a56a-11ea-b713-0242ac110002
9b233974-e58d-11ec-a4d1-7a434a72c6d7
243d852c-324f-11ec-a626-02e12117a9dc
695afeae-8fa7-11ec-ae5a-faec79c76576
088543a8-9ec2-11ec-b153-56ceb812f00b
a2cf2674-8010-11ed-bcb9-de415fff49b6
e33d2af4-22bd-11ed-88c7-360138538e8b
1c51845c-0a27-11e8-a293-0242ac110002
cd9b4d7a-80de-11eb-b2dc-b258b63f39bb
7481a79c-3bc4-11ec-8e29-ba6016034d9c
5d78ad44-aa67-11e8-a813-0242ac110002
4674f9a0-a75a-11ed-83d3-12853257c7c9
ef0314b2-e98f-11e9-af4c-0242ac110002
1cd05a1a-d0f3-11ec-96fa-1acf2e2e1822
a6aefc62-ef86-11e7-8795-0242ac110002
cc0e4d46-a421-11e8-b5d8-0242ac1100fb
70ae9fae-64b1-11e9-8486-0242ac110002
98d22b48-7aa8-11e8-8b65-0242ac110042
1564118e-a436-11ec-b69c-029fc8c1ad04
43beccfe-6543-11e7-a314-0242ac110002
d92c6210-82dc-11ea-b65a-b68ed5f634ca
584e11ee-630d-11ec-a2f3-5a154554716b
259381b4-dd80-11e8-8c1b-0242ac110002
a04e0d20-6252-11ec-8eb3-3ecabde88d28
cdd9c6b0-a06a-11ed-bee5-167ad6a71ab9
6eb32f40-4262-11e6-ad40-0050569b1b91
548daa68-9082-11ec-9d56-5a0243bc8043
fc93ddc0-de9a-11e7-b503-0242ac110002
77cd0e3a-818a-11e7-a99d-0242ac110002
62432b32-c387-11e7-aebd-0242ac110002
6d70651e-9047-11ed-aded-b635a9fce096
30f5460c-dbf8-11e8-812d-0242ac110002
f16c04e2-9f91-11ec-b69c-029fc8c1ad04
32fba51c-252c-11ea-a04e-0242ac110002
f98f6148-aa6a-11e8-b54b-0242ac110002
f2579802-eb05-11ec-996c-c605a3fd97ae
75915c18-9f23-11ed-9ceb-ea0ed99f2599
db3db12c-3478-11ec-85b2-46a5e8d01500
b1b20936-3bd2-11ed-91ee-ea4cc8b6801c
231e88fe-a200-11e8-8f38-0242ac1100fb
d737f5f8-a429-11ec-8b04-7ef7eb5fc553
f3dc265a-6644-11e9-98a2-0242ac110002
1bbc5398-9229-11ed-bfc2-3aa4ab7f1f0e
d09e9df4-38ad-11e9-8931-0242ac110002
d971ab0c-b75f-11e9-8612-0242ac110002
04822a1a-d346-11ec-ba87-e294f7568dd7
e491137a-172f-11eb-b9f8-5636e21bb209
4db0c620-54f0-11e8-96e9-0242ac110002
098c6048-d448-11e9-97aa-0242ac110002
4439029c-c86c-11e9-a0f1-0242ac110002
e45b8a9a-6cba-11ea-ad3e-0242ac110002
f21a97fe-05de-11ea-a2f3-0242ac110002
129296cc-0dda-11eb-93ff-9ab877417297
1d654e52-a176-11e6-9857-0242ac102197
5c9d57e4-8add-11ec-b9ff-7a65d0bf2e01
56b5a20a-769c-11e7-b6b0-0242ac110002
c13a55de-b359-11e9-8ccf-0242ac110002
1f4e22e8-3bc7-11ec-8e29-ba6016034d9c
196c7636-3bc7-11ec-9222-825f3d08345c
46dbfdda-2834-11ed-9be2-7a4d1b50eb70
4f072d44-b229-11ec-8cf6-dee884356195
fa20e704-35bf-11e9-8c53-0242ac110002
5ef8d340-50f9-11e9-b9bc-0242ac110002
4a87b220-acd3-11e8-94e8-0242ac110002
e1761396-9053-11eb-bc02-3ab2a0a5f27c
60fde936-a2e0-11ed-9c6f-5e7cfb79c04b
e647f9c8-1704-11ed-94c2-22e70923aa26
649b13ac-5bc4-11ec-a2f3-5a154554716b
67047da6-5bef-11ec-8eb3-3ecabde88d28
e5e1fc8c-aa6a-11e8-84f2-0242ac110002
1a14bd44-3a24-11ed-91ee-ea4cc8b6801c
1a5dc34e-5050-11ed-a783-b640578e5daf
1cc00258-84e6-11ed-83d3-12853257c7c9
bfe655a4-3b8c-11eb-9ba4-0242ac110002
04cd2162-58b4-11ec-9810-ca03e95b2acb
acd218a2-27a2-11e6-abe1-0050569b1b91
506aad48-05e0-11ea-a2f3-0242ac110002
f9d9468a-936c-11eb-bc02-3ab2a0a5f27c
6a16c824-ed90-11ea-a343-c6b77dd10367
3a79d1ca-1766-11ea-884e-0242ac110002
ca5e3d38-185a-11ed-8286-caa164d3e4cb
4de911d2-5ccc-11ec-90e9-3260887fa0d0
3b6dbcde-f05f-11e7-94e5-0242ac110002
3934fe82-83e1-11eb-97cf-eaa94a9340c5
c975cbd6-ed7d-11ed-b907-86a325c62e30
1efb94c8-f0ec-11ea-8628-0242ac110002
ed8ff366-a3a4-11ed-a7b3-b602b0a62ebb
4b17fe7a-e19f-11ec-adce-9a86102d6db7
c7b56e24-a7c1-11e9-9258-0242ac110002
99974dc6-7e2c-11eb-a87c-f2e455f7bff7
27c64c7a-2f40-11e9-962e-0242ac110002
bd92ba62-760a-11e8-8273-0242ac110022
ca4642f8-6988-11ed-98c6-d649346c41dd
573cd85c-9567-11e8-b4eb-0242ac1100c0
60d7b51c-8d75-11ec-9d56-5a0243bc8043
6e1d676c-3bc7-11ec-95ee-c61b40fbb02d
da51841c-66f1-11ed-8aee-56b8433adad6
58057e86-0d5b-11ed-b153-3295b654f4a1
fc31340e-2222-11ea-9c39-0242ac110002
e61b2b72-9082-11ec-9ec0-e611aa3f142c
addfaea2-939e-11e8-a86f-0242ac110002
96606aa0-8c23-11ed-a88f-ca23926a0c66
0e4d5184-a3a5-11ed-aded-b635a9fce096
44b594ca-0e8a-11ee-b3c6-fa718cd0428e
72242f5a-6307-11ec-9810-5efb38d672be
9776a440-2f3e-11e9-962e-0242ac110002
78ca8f78-80c4-11eb-9679-f2735e117519
fd3ed1e4-8160-11ed-89b5-760fae1110e3
548e03e6-7c92-11eb-97cf-eaa94a9340c5
4fb49b62-dd39-11ea-b9c0-0242ac110002
d3c15c36-a3a4-11ed-83d3-12853257c7c9
da651b8c-d58c-11eb-8eea-2ebc2c74e07a
5d503bb8-64ba-11e8-994d-0242ac110002
65886b44-62c8-11ea-aa66-0242ac110002
18b345d2-73e8-11eb-8ae7-163567dec04d
0e6d6fc0-c860-11ed-924b-76963d402017
1e3e27de-b123-11ea-aba2-0242ac110002
44e67038-7500-11ec-8618-02622ce0b4ee
4265de10-6a94-11e6-a7fa-0242ac102160
36bf026a-c56f-11e9-92a4-0242ac110002
7f4ab90a-0c8c-11ec-843a-52bb77bfe57d
6820e8dc-d963-11eb-83d1-cefefb406359
cf59492e-4d2e-11ec-bd72-febf8ac595df
3edea772-3e0f-11ed-8450-56f56f661a52
e46f9b86-1dcf-11e6-828f-0050569b1b91
cd30fdac-3268-11e8-8078-0242ac110002
a299d010-486f-11e8-950c-0242ac110002
3561b358-eea9-11eb-bb44-8e896a265dd1
4d03e0f6-3bc7-11ec-8e29-ba6016034d9c
7f638198-fbf2-11ea-9a8a-5ec6077c2d44
f003a22c-6ff5-11ea-b971-0242ac110002
c028918e-df10-11e7-b329-0242ac110002
5d46a0e2-cf8d-11ed-a881-46aa502f5daf
0fc6920a-8e2a-11ec-9ec0-e611aa3f142c
d1bc4758-1afd-11ea-9c39-0242ac110002
5c6472ee-0e3b-11ed-823b-ee3a8da9318e
d58d41b4-bd76-11e9-be70-0242ac110002
358ad4aa-cf80-11ec-a0a0-1e49eda5521f
1c6493a4-5dee-11ea-9be9-1e688f998063
15d9b1b4-35cf-11ea-8fb0-0242ac110002
4ef6484e-ef9f-11ed-8842-b611e3b9a827
9979a9dc-a6c7-11ec-903c-e22a7879871b
fbeab050-3e1a-11e6-9184-0050569b1b91
75bc759c-6203-11eb-8ed5-66fe387cdac7
a800d952-a6a0-11ec-a2e4-466cca98ab64
1831fe88-adba-11ed-9474-1e721b7d793f
ff8bcd70-8fbc-11ed-9ceb-ea0ed99f2599
1946f310-493c-11ed-89f9-06770451fcce
9fbc6b6c-ba37-11ec-8518-8a1fe6614947
6654239c-b4c8-11ed-9eaf-8aa26b983c79
7179ccca-6295-11ed-8ce3-2ea71e6169a0
266dcefc-b0b6-11ec-aaac-5e0b60d0c8ba
8d47ccc4-1c6f-11e9-9f85-0242ac110002
adef470e-cd33-11e7-b0c5-0242ac110002
3c08fb6a-7c21-11ed-9911-d69ad01160f9
8bf64028-08a0-11ed-b909-125dc1a6bf6c
bbbb6336-5d53-11ec-9810-5efb38d672be
18e312ec-c9df-11eb-a6ab-f6f39fba1986
862af69a-5288-11eb-b039-7a571d7813a7
a1501d60-56af-11ed-9223-a6883c4b5f73
24f1eb20-6ce4-11ea-bf7f-0242ac110002
e5556ab2-7c55-11ed-9fcb-1ad50f9d99b5
b060c046-6de1-11e7-a314-0242ac110002
895b27f4-630d-11ec-9810-5efb38d672be
4d5fe8d4-07e1-11ec-80fd-366efa3fab67
595c5250-8bdc-11ed-83d3-12853257c7c9
64a66d1a-fdbd-11ec-87f3-26716587f435
72a3d1d0-4f29-11eb-ad26-0242ac110002
a0dde3a0-4c49-11ed-a783-b640578e5daf
328ebf9c-a14d-11ed-9ceb-ea0ed99f2599
3bed6f50-c30a-11ed-bdfc-aa5b09f00e64
3740b4bc-3412-11ed-80c4-0687bc0e9967
7e8e53c4-d58b-11eb-bbb0-b296c7d695e1
7a118dc0-e56f-11ed-818f-fe85331b1261
9b033ed0-e0e1-11e8-8953-0242ac110002
039c792c-ce1a-11e9-b8b9-0242ac110002
686370e4-efa0-11ed-9127-eaf45fbb41d1
f9f37066-6e06-11e8-9de7-0242ac110002
c9cbafca-d654-11eb-83d1-cefefb406359
ab0b3bd4-d7ba-11eb-8eea-2ebc2c74e07a
686cd58a-ae56-11ec-b767-eac488eefccb
f05652e2-e01d-11ed-82e2-e2773052d764
fb5712bc-3a23-11ed-9b83-5aa7425fe1a5
a5f6982c-6282-11e5-b9bf-0050569b1b91
f929eafa-82e7-11ea-8c7d-0242ac110002
d7672948-a368-11ec-9d9e-52194df22c9a
b06df0c0-d421-11ed-ae87-d67bba1e5d0e
dec26eda-ed74-11ed-8dd4-b68111c315ad
3e71ece4-a12f-11ed-a00f-e6bc8c4ebe17
13f7883a-bc6e-11ec-94ab-9ac9f53c252e
f63fccee-8644-11e7-aab4-0242ac110002
e06ec260-cfbf-11ed-8a1b-ae483e53749c
f622aba4-57c0-11e6-97b3-0242ac100c02
722d0f1c-be4b-11ed-86e5-eeeeaa2bd56f
6d979c0c-ddad-11ed-827c-7a736ff4bdeb
78be05c4-b32a-11ed-93b7-16d8176a224c
b85cd492-b18e-11ec-89fa-9698f08c9abc
c049bb14-c1cc-11eb-b7a1-e6ea1a77cc3d
923798e4-b0c4-11ec-8cf6-dee884356195
34dc922e-c846-11eb-8cd4-4a8ea031c89f
bd4e6f80-fd6a-11ea-8a6d-0242ac110002
cd4a3bd2-ef0f-11ed-9b41-0aac7c644c0a
2110b262-c056-11ec-82df-a229c065b284
f331ceae-cc4c-11ed-91aa-0aa2801fde7c
8f886d8c-ea55-11ed-8b2a-2273f494b105
058a983c-bce9-11e9-be70-0242ac110002
4e2a349c-d5b2-11eb-aa3f-a26222ad8a35
c07268e6-872a-11ed-aded-b635a9fce096
afd4519c-75f6-11ed-841d-16cb297252fa
36e51166-f608-11e9-8bb8-0242ac110002
06714764-d531-11ed-8b60-226bcf6660ce
88128c1e-6e60-11ea-a365-0242ac110002
531ac45e-45d7-11ec-b18b-865d3bb17674
bfb60226-f2fc-11ed-b796-76fc3df52df9
3f3aa38c-3bc8-11ec-8e29-ba6016034d9c
863a4554-ebc6-11ec-a313-1e09d567af10
a638d0f0-672c-11ed-bbd4-cedf3456123c
2faeadde-3706-11ed-a665-2acb8830e1db
85ae39ba-0a35-11ec-80fd-366efa3fab67
56c968b6-80f0-11e9-99e8-0242ac110002
fd26499a-6576-11ed-a1b4-de7cd740b81f
936944c0-a5d2-11ed-bb00-3a86cc0cea15
6e1c2876-6e1a-11e8-8f78-0242ac110002
de17e546-c179-11ec-aed2-627563e71072
29d3919c-c080-11ec-aed2-627563e71072
52f9ea90-6ef8-11ed-9a91-2e9d76359266
299c8386-7293-11ec-b7f4-463db61a2cf0
038d35e8-b358-11e9-833f-0242ac110002
90492bd2-0f42-11ee-976d-fe014f0a9dc0
058fd150-bd92-11ed-a967-9e8eb8cc929c
ccaab5ac-3345-11ed-9be2-7a4d1b50eb70
09e1167e-a212-11ed-a7b3-b602b0a62ebb
8a2c72ca-726f-11e7-a314-0242ac110002
3012eefa-ef09-11ed-89e1-a2a9a35533a5
2dd1a22e-d333-11eb-9f69-663cd9efce11
2b8305d2-5960-11eb-8373-66e59d35ae91
7c6724fe-0c2a-11ee-a71a-264d42405fd0
88f940d6-ed7a-11ed-afe7-0ede2ab4a186
620e660e-d452-11ed-8b60-226bcf6660ce
eb556002-9faa-11ed-993b-02b309726a99
eab4c5d8-53b3-11eb-9aab-8e64ab720c36
ed622986-1399-11ed-8fa5-02344233bf0a
db551638-95bb-11ec-b22f-2e41545e0d04
6b2a8e80-aa1c-11ed-b19f-12edbc9dde8a
aef8a5b2-6ef2-11ed-b296-621adcda489b
70aa82d4-bec7-11ec-aa4c-ce301e1476dd
b2fb8a28-a84d-11ed-b19f-12edbc9dde8a
5e630716-e922-11eb-adc2-b6ff4fc9ae0b
c493bbfc-08a7-11ed-868a-ea15c4f23075
75cb8072-9fab-11ed-a198-82724570158a
c2108ad2-c3c2-11ed-8ae5-36a52a22b1e9
72d7baa2-a69b-11ec-84e0-5a9d9e8e21a5
2e1e515c-5965-11eb-ac1d-76822a1b077f
2715b0d4-f9dc-11ed-88ea-024f607eacb2
2b9d4ef8-9789-11eb-a3a5-5650210ee312
e8c8449a-5f91-11e6-8c5b-0242ac10215a
4543cb78-85c3-11ed-af6d-0270924a3423
d07bf4d0-0a5e-11e8-b89c-0242ac110002
3651af60-777a-11ed-8edb-e6b78cc38ca8
1e8fc26a-0fa0-11ec-a927-42eb08fb76b5
2705377e-4850-11ed-ba82-2ed455abcd41
0d5ae968-bcb2-11e9-a5f0-0242ac110002
40d98a40-3e81-11eb-91ab-0242ac110002
bf54b45c-8d73-11ec-9f9b-9a2d1b51026a
9e69fe50-8d73-11ec-bde3-1e249757af63
0511d2b2-5a57-11ed-8cad-2690089e7430
251be8d6-1d0d-11ed-b2f7-da75ac9eea3e
a04ce2c9-e557-4acd-9289-0d18f8c6d063
247e5738-dcc6-11ec-bdd3-067ee3cce5cd
5be9e316-2003-11ec-aed0-6afa11a0b567
2c54be18-560e-11ed-847d-9ea29165e650
1f2480f6-476e-11e8-b822-0242ac110002
af5c0166-3bc7-11ec-9222-825f3d08345c
d16358fe-a684-11ec-84e0-5a9d9e8e21a5
d1a491be-e9ee-11eb-94cf-7a255e032161
91b19918-45eb-11ec-a190-2a32cdb67b6c
49a5e330-75e9-11ec-8087-82816e4e29bb
35f90b9a-7527-11ec-bee9-1ef2df7c7a9d
d120746e-a33f-11e7-afcb-0242ac110002
10010b9e-70cc-11ed-b729-7aca027f162e
a15dcf0c-44cb-11eb-865b-0242ac110002
3ee31928-6bd8-11e8-9de7-0242ac110002
8e587434-0550-11ec-b6d7-7e710254e7b9
5a2809f4-7292-11ec-b7f4-463db61a2cf0
19fa24d8-a954-11ea-a4a5-0242ac110002
c96135ce-0a81-11ee-bb14-de5c9bce3906
8bfc53ae-f30b-11ed-bea2-c25bf1ccfe4a
b5dcf16c-616f-11ec-90e9-3260887fa0d0
95de9712-fbaf-11e9-8e96-0242ac110002
62fdac16-12f9-11ed-823b-ee3a8da9318e
32015ee8-0d22-11eb-be3d-0242ac110002
f9efdf82-90ab-11e9-8baf-0242ac110002
1c4c82ae-9f92-11ec-a97b-2681d6fc0182
7d6a3c36-fe95-11ec-856a-e2053235fe57
a7ffc15e-cad2-11e9-96d9-0242ac110002
ba154a36-df8e-11ea-b7ba-0242ac110002
ad40b48a-3217-11ec-82b8-5abc74d6acdc
0d11c0d0-7105-11e7-bab8-0242ac110002
d95995be-1bb8-11e9-9f85-0242ac110002
1b7f96da-c570-11e9-a13c-0242ac110002
5c25fcf2-cf8e-11ed-a881-46aa502f5daf
189e80fe-c55a-11e9-a5c5-0242ac110002
9d6c91de-d7c5-11eb-aa3f-a26222ad8a35
f16b573c-310a-11e6-9920-0050569b1b91
1eda2d38-78b4-11e6-9199-0242ac102173
7a2b72b4-dc68-11ec-8818-4e297d7cbb7c
8558174e-97da-11e9-907a-0242ac110002
07d95dd6-a141-11ed-9ceb-ea0ed99f2599
297f0fb0-04ee-11ee-8988-16d02927cb1c
fbd9461e-b51f-11ea-aba2-0242ac110002
b6620710-ff86-11ed-a4aa-e27800858960
4df6e9d4-613f-11ec-bfc1-da10f2e8ec33
10220476-9aca-11ec-9e2c-0e789a938019
12dbb842-b5cc-11ed-b160-4e37d05f2ceb